<?xml version="1.0" encoding="UTF-8"?>
<testsuite xmlns:xsi="http://www.w3.org/2001/XMLSchema-instance" xsi:noNamespaceSchemaLocation="https://maven.apache.org/surefire/maven-surefire-plugin/xsd/surefire-test-report-3.0.xsd" version="3.0" name="com.example.CarRentalSpringBoot.repository.UserRepositoryIntegrationTest" time="0.4" tests="4" errors="0" skipped="0" failures="0">
  <properties>
[...]
</properties>
  <testcase name="shouldSaveUser" classname="com.example.CarRentalSpringBoot.repository.UserRepositoryIntegrationTest" time="0.005">
    <system-out><![CDATA[2024-05-25T15:05:10.679+03:00  INFO 8396 --- [           main] .j.AbstractExpressionEvaluatingCondition : class com.example.CarRentalSpringBoot.repository.UserRepositoryIntegrationTest is enabled because @EnabledIf("#{'${spring.profiles.active}' == 'integration'}") evaluated to true
2024-05-25T15:05:10.682+03:00  INFO 8396 --- [           main] t.c.s.AnnotationConfigContextLoaderUtils : Could not detect default configuration classes for test class [com.example.CarRentalSpringBoot.repository.UserRepositoryIntegrationTest]: UserRepositoryIntegrationTest does not declare any static, non-private, non-final, nested classes annotated with @Configuration.
2024-05-25T15:05:10.688+03:00  INFO 8396 --- [           main] .b.t.c.SpringBootTestContextBootstrapper : Found @SpringBootConfiguration com.example.CarRentalSpringBoot.CarRentalSpringBootApplication for test class com.example.CarRentalSpringBoot.repository.UserRepositoryIntegrationTest
2024-05-25T15:05:10.689+03:00  INFO 8396 --- [           main] j.LocalContainerEntityManagerFactoryBean : Closing JPA EntityManagerFactory for persistence unit 'default'

  .   ____          _            __ _ _
 /\\ / ___'_ __ _ _(_)_ __  __ _ \ \ \ \
( ( )\___ | '_ | '_| | '_ \/ _` | \ \ \ \
 \\/  ___)| |_)| | | | | || (_| |  ) ) ) )
  '  |____| .__|_| |_|_| |_\__, | / / / /
 =========|_|==============|___/=/_/_/_/
 :: Spring Boot ::                (v3.1.5)

2024-05-25T15:05:10.717+03:00  INFO 8396 --- [           main] c.e.C.r.UserRepositoryIntegrationTest    : Starting UserRepositoryIntegrationTest using Java 17.0.1 with PID 8396 (started by Asus in C:\Users\Asus\Desktop\spring-boot)
2024-05-25T15:05:10.718+03:00  INFO 8396 --- [           main] c.e.C.r.UserRepositoryIntegrationTest    : The following 1 profile is active: "integration"
2024-05-25T15:05:10.793+03:00  INFO 8396 --- [           main] .s.d.r.c.RepositoryConfigurationDelegate : Bootstrapping Spring Data JPA repositories in DEFAULT mode.
2024-05-25T15:05:10.818+03:00  INFO 8396 --- [           main] .s.d.r.c.RepositoryConfigurationDelegate : Finished Spring Data repository scanning in 24 ms. Found 7 JPA repository interfaces.
2024-05-25T15:05:10.826+03:00  INFO 8396 --- [           main] beddedDataSourceBeanFactoryPostProcessor : Replacing 'dataSource' DataSource bean with embedded version
2024-05-25T15:05:10.836+03:00  INFO 8396 --- [           main] o.s.j.d.e.EmbeddedDatabaseFactory        : Starting embedded database: url='jdbc:h2:mem:e3644f2b-573f-458d-91df-858872c1ff1b;DB_CLOSE_DELAY=-1;DB_CLOSE_ON_EXIT=false', username='sa'
2024-05-25T15:05:10.850+03:00  INFO 8396 --- [           main] o.hibernate.jpa.internal.util.LogHelper  : HHH000204: Processing PersistenceUnitInfo [name: default]
2024-05-25T15:05:10.858+03:00  INFO 8396 --- [           main] o.s.o.j.p.SpringPersistenceUnitInfo      : No LoadTimeWeaver setup: ignoring JPA class transformer
2024-05-25T15:05:10.859+03:00  WARN 8396 --- [           main] org.hibernate.orm.deprecation            : HHH90000025: H2Dialect does not need to be specified explicitly using 'hibernate.dialect' (remove the property setting and it will be selected by default)
2024-05-25T15:05:10.954+03:00  INFO 8396 --- [           main] o.h.e.t.j.p.i.JtaPlatformInitiator       : HHH000489: No JTA platform available (set 'hibernate.transaction.jta.platform' to enable JTA platform integration)
Hibernate: create table car_locations (car_id bigint not null, location_id bigint not null)
Hibernate: create table cars (car_id bigint generated by default as identity, license_plate varchar(20), make varchar(50) not null, model varchar(50) not null, rental_rate numeric(10,2) not null, "year" integer not null, primary key (car_id))
Hibernate: create table feedbacks (feedback_id bigint generated by default as identity, feedback_date timestamp(6) not null, feedback_text varchar(255) not null, rating integer, car_id bigint not null, user_id bigint not null, primary key (feedback_id))
Hibernate: create table invoices (invoice_id bigint generated by default as identity, payment_status varchar(20), rental_end_date date not null, rental_start_date date not null, total_amount numeric(10,2) not null, car_id bigint not null, user_id bigint not null, primary key (invoice_id))
Hibernate: create table locations (location_id bigint generated by default as identity, address varchar(200) not null, city varchar(50), country varchar(50), latitude numeric(10,6) not null, longitude numeric(10,6) not null, name varchar(100) not null, state varchar(50), primary key (location_id))
Hibernate: create table payments (payment_id bigint generated by default as identity, amount numeric(10,2) not null, payment_date date not null, payment_method varchar(50), invoice_id bigint not null, primary key (payment_id))
Hibernate: create table reservations (reservation_id bigint generated by default as identity, reservation_date date not null, status varchar(20), car_id bigint not null, user_id bigint not null, primary key (reservation_id))
Hibernate: create table users (user_id bigint generated by default as identity, address varchar(500), email varchar(100) not null, first_name varchar(50), last_name varchar(50), password varchar(100) not null, username varchar(50) not null, primary key (user_id))
Hibernate: alter table if exists car_locations add constraint FKlgxxm8bf4mjlvptmimf2eeoh9 foreign key (location_id) references locations
Hibernate: alter table if exists car_locations add constraint FKepxayi8whwk68q84hbrix0lm8 foreign key (car_id) references cars
Hibernate: alter table if exists feedbacks add constraint FKsws6sh2i9uun0eutijtstghm1 foreign key (car_id) references cars
Hibernate: alter table if exists feedbacks add constraint FK312drfl5lquu37mu4trk8jkwx foreign key (user_id) references users
Hibernate: alter table if exists invoices add constraint FK9phg0wd7pa8i0y06ewiv5y85f foreign key (car_id) references cars
Hibernate: alter table if exists invoices add constraint FKbwr4d4vyqf2bkoetxtt8j9dx7 foreign key (user_id) references users
Hibernate: alter table if exists payments add constraint FKrbqec6be74wab8iifh8g3i50i foreign key (invoice_id) references invoices
Hibernate: alter table if exists reservations add constraint FKkoxuu4vp8ex6mcc642sa11iyc foreign key (car_id) references cars
Hibernate: alter table if exists reservations add constraint FKb5g9io5h54iwl2inkno50ppln foreign key (user_id) references users
2024-05-25T15:05:10.966+03:00  INFO 8396 --- [           main] j.LocalContainerEntityManagerFactoryBean : Initialized JPA EntityManagerFactory for persistence unit 'default'
2024-05-25T15:05:11.058+03:00  INFO 8396 --- [           main] c.e.C.r.UserRepositoryIntegrationTest    : Started UserRepositoryIntegrationTest in 0.365 seconds (process running for 9.026)
Hibernate: insert into users (address,email,first_name,last_name,password,username,user_id) values (?,?,?,?,?,?,default)
]]></system-out>
  </testcase>
  <testcase name="shouldReturnUsers" classname="com.example.CarRentalSpringBoot.repository.UserRepositoryIntegrationTest" time="0.004">
    <system-out><![CDATA[Hibernate: select u1_0.user_id,u1_0.address,u1_0.email,u1_0.first_name,u1_0.last_name,u1_0.password,u1_0.username from users u1_0
]]></system-out>
  </testcase>
  <testcase name="shouldReturnUserById" classname="com.example.CarRentalSpringBoot.repository.UserRepositoryIntegrationTest" time="0.004">
    <system-out><![CDATA[Hibernate: select u1_0.user_id,u1_0.address,u1_0.email,u1_0.first_name,u1_0.last_name,u1_0.password,u1_0.username from users u1_0 where u1_0.user_id=?
]]></system-out>
  </testcase>
  <testcase name="shouldThrowDataIntegrityViolationExceptionWhenRequiredFieldsNotProvided" classname="com.example.CarRentalSpringBoot.repository.UserRepositoryIntegrationTest" time="0.004">
    <system-out><![CDATA[Hibernate: insert into users (address,email,first_name,last_name,password,username,user_id) values (?,?,?,?,?,?,default)
2024-05-25T15:05:11.076+03:00  WARN 8396 --- [           main] o.h.engine.jdbc.spi.SqlExceptionHelper   : SQL Error: 23502, SQLState: 23502
2024-05-25T15:05:11.077+03:00 ERROR 8396 --- [           main] o.h.engine.jdbc.spi.SqlExceptionHelper   : NULL not allowed for column "EMAIL"; SQL statement:
insert into users (address,email,first_name,last_name,password,username,user_id) values (?,?,?,?,?,?,default) [23502-214]
]]></system-out>
  </testcase>
</testsuite>